<?xml version="1.0" encoding="UTF-8"?>
<!-- Generated by org.testng.reporters.JUnitReportReporter -->
<testsuite hostname="bhatt" failures="0" tests="2" name="com.walmart.TestData.LoginPageTest" time="61.733" errors="0" timestamp="2019-09-30T19:06:41 PDT" skipped="0">
  <testcase classname="com.walmart.TestData.LoginPageTest" name="loginPageTitleTest" time="21.996"/>
  <testcase classname="com.walmart.TestData.LoginPageTest" name="loginTest" time="39.737"/>
</testsuite> <!-- com.walmart.TestData.LoginPageTest -->
