<?xml version="1.0" encoding="UTF-8"?>
<!-- Generated by org.testng.reporters.JUnitReportReporter -->
<testsuite hostname="bhatt" failures="0" tests="3" name="com.walmart.TestData.PersonalSettingPageTest" time="53.626" errors="0" timestamp="2019-10-02T14:07:07 PDT" skipped="0">
  <testcase classname="com.walmart.TestData.PersonalSettingPageTest" name="insertPhoneNumber" time="16.539"/>
  <testcase classname="com.walmart.TestData.PersonalSettingPageTest" name="insertFisrtName" time="17.082"/>
  <testcase classname="com.walmart.TestData.PersonalSettingPageTest" name="clickonPersonalEditPageTest" time="20.005"/>
</testsuite> <!-- com.walmart.TestData.PersonalSettingPageTest -->
